<?xml version="1.0" encoding="UTF-8"?>
<!-- Generated by org.testng.reporters.JUnitReportReporter -->
<testsuite hostname="SYNPYBRLF1KV2HQ" failures="0" tests="1" name="seleniumConcepts.PageClass" time="11.729" errors="0" timestamp="2024-10-10T11:30:12 IST" skipped="0">
  <testcase classname="seleniumConcepts.PageClass" name="testCase1" time="11.729"/>
</testsuite> <!-- seleniumConcepts.PageClass -->
