<?xml version="1.0" encoding="UTF-8"?>
<!-- Generated by org.testng.reporters.JUnitReportReporter -->
<testsuite hostname="SYNPYBRLF1KV2HQ" failures="0" tests="1" name="seleniumConcepts.JavaAlert" time="9.006" errors="0" timestamp="2024-10-04T13:54:58 IST" skipped="0">
  <testcase classname="seleniumConcepts.JavaAlert" name="testCase1" time="9.006"/>
</testsuite> <!-- seleniumConcepts.JavaAlert -->
