<?xml version="1.0" encoding="UTF-8"?>
<!-- Generated by org.testng.reporters.JUnitReportReporter -->
<testsuite hostname="SYNPYBRLF1KV2HQ" failures="0" tests="1" name="seleniumConcepts.HashList2" time="6.815" errors="0" timestamp="2024-10-08T13:53:53 IST" skipped="0">
  <testcase classname="seleniumConcepts.HashList2" name="testCase1" time="6.815"/>
</testsuite> <!-- seleniumConcepts.HashList2 -->
