<?xml version="1.0" encoding="UTF-8"?>
<!-- Generated by org.testng.reporters.JUnitReportReporter -->
<testsuite hostname="SYNPYBRLF1KV2HQ" failures="0" tests="1" name="testcasesforamazon.Navigation" time="8.589" errors="0" timestamp="2024-10-07T10:37:48 IST" skipped="0">
  <testcase classname="testcasesforamazon.Navigation" name="testCase1" time="8.589"/>
</testsuite> <!-- testcasesforamazon.Navigation -->
