<?xml version="1.0" encoding="UTF-8"?>
<!-- Generated by org.testng.reporters.JUnitReportReporter -->
<testsuite hostname="SYNPYBRLF1KV2HQ" failures="0" tests="1" name="seleniumConcepts.SelectObject" time="6.005" errors="0" timestamp="2024-10-10T12:32:57 IST" skipped="0">
  <testcase classname="seleniumConcepts.SelectObject" name="testCase1" time="6.005"/>
</testsuite> <!-- seleniumConcepts.SelectObject -->
