<?xml version="1.0" encoding="UTF-8"?>
<!-- Generated by org.testng.reporters.JUnitReportReporter -->
<testsuite hostname="SYNPYBRLF1KV2HQ" failures="0" tests="1" name="seleniumConcepts.Navigation" time="19.922" errors="0" timestamp="2024-10-07T10:40:13 IST" skipped="0">
  <testcase classname="seleniumConcepts.Navigation" name="testCase1" time="19.922"/>
</testsuite> <!-- seleniumConcepts.Navigation -->
