<?xml version="1.0" encoding="UTF-8"?>
<!-- Generated by org.testng.reporters.JUnitReportReporter -->
<testsuite hostname="SYNPYBRLF1KV2HQ" failures="0" tests="1" name="testcasesforamazon.LaunchBrowser2" time="23.522" errors="0" timestamp="2024-10-04T13:38:49 IST" skipped="0">
  <testcase classname="testcasesforamazon.LaunchBrowser2" name="testCase1" time="23.522"/>
</testsuite> <!-- testcasesforamazon.LaunchBrowser2 -->
