<?xml version="1.0" encoding="UTF-8"?>
<!-- Generated by org.testng.reporters.JUnitReportReporter -->
<testsuite hostname="SYNPYBRLF1KV2HQ" failures="0" tests="1" name="seleniumConcepts.WebTableDemo" time="10.279" errors="0" timestamp="2024-10-10T13:18:26 IST" skipped="0">
  <testcase classname="seleniumConcepts.WebTableDemo" name="testCase1" time="10.279"/>
</testsuite> <!-- seleniumConcepts.WebTableDemo -->
