<?xml version="1.0" encoding="UTF-8"?>
<!-- Generated by org.testng.reporters.JUnitReportReporter -->
<testsuite hostname="SYNPYBRLF1KV2HQ" failures="0" tests="2" name="testBase.TestBase" time="11.903" errors="0" timestamp="2024-10-09T13:02:57 IST" skipped="0">
  <testcase classname="testBase.TestBase" name="openBrowser" time="10.595"/>
  <testcase classname="testBase.TestBase" name="closeBrowser" time="1.308"/>
</testsuite> <!-- testBase.TestBase -->
