<?xml version="1.0" encoding="UTF-8"?>
<!-- Generated by org.testng.reporters.JUnitReportReporter -->
<testsuite hostname="SYNPYBRLF1KV2HQ" failures="0" tests="1" name="testCases.Test3" time="11.329" errors="0" timestamp="2024-10-10T10:59:31 IST" skipped="0">
  <testcase classname="testCases.Test3" name="testCase3" time="11.329"/>
</testsuite> <!-- testCases.Test3 -->
