<?xml version="1.0" encoding="UTF-8"?>
<!-- Generated by org.testng.reporters.JUnitReportReporter -->
<testsuite hostname="SYNPYBRLF1KV2HQ" failures="0" tests="1" name="selenium.NewTest" time="0.019" errors="0" timestamp="2024-09-06T12:04:33 IST" skipped="0">
  <testcase classname="selenium.NewTest" name="f" time="0.019"/>
</testsuite> <!-- selenium.NewTest -->
