<?xml version="1.0" encoding="UTF-8"?>
<!-- Generated by org.testng.reporters.JUnitReportReporter -->
<testsuite hostname="SYNPYBRLF1KV2HQ" failures="0" tests="1" name="Synchron.SeleniumTestNg.AnnotationEg" time="0.007" errors="0" timestamp="2024-12-05T13:16:51 IST" skipped="0">
  <testcase classname="Synchron.SeleniumTestNg.AnnotationEg" name="testcase1" time="0.007"/>
  <system-out/>
</testsuite> <!-- Synchron.SeleniumTestNg.AnnotationEg -->
