<?xml version="1.0" encoding="UTF-8"?>
<!-- Generated by org.testng.reporters.JUnitReportReporter -->
<testsuite hostname="SYNPYBRLF1KV2HQ" failures="0" tests="1" name="com.SynchronyTestNg.TestCase1" time="11.566" errors="0" timestamp="2024-12-05T10:34:41 IST" skipped="0">
  <testcase classname="com.SynchronyTestNg.TestCase1" name="launchbrowser" time="11.566"/>
  <system-out/>
</testsuite> <!-- com.SynchronyTestNg.TestCase1 -->
