<?xml version="1.0" encoding="UTF-8"?>
<!-- Generated by org.testng.reporters.JUnitReportReporter -->
<testsuite hostname="SYNPYBRLF1KV2HQ" failures="0" tests="3" name="annotations.ParmWithArray" time="0.014" errors="0" timestamp="2024-10-03T13:26:55 IST" skipped="0">
  <testcase classname="annotations.ParmWithArray" name="testCase1" time="0.002"/>
  <system-out/>
  <testcase classname="annotations.ParmWithArray" name="testCase1" time="0.001"/>
  <system-out/>
  <testcase classname="annotations.ParmWithArray" name="testCase1" time="0.011"/>
  <system-out/>
</testsuite> <!-- annotations.ParmWithArray -->
