<?xml version="1.0" encoding="UTF-8"?>
<!-- Generated by org.testng.reporters.JUnitReportReporter -->
<testsuite hostname="SYNPYBRLF1KV2HQ" failures="0" tests="3" name="annotations.Order" time="0.005" errors="0" timestamp="2024-10-03T13:26:55 IST" skipped="0">
  <testcase classname="annotations.Order" name="login" time="0.002"/>
  <system-out/>
  <testcase classname="annotations.Order" name="composemail" time="0.002"/>
  <system-out/>
  <testcase classname="annotations.Order" name="Deletemail" time="0.001"/>
  <system-out/>
</testsuite> <!-- annotations.Order -->
